<?xml version="1.0" encoding="UTF-8"?>
<testng-results ignored="0" total="1" passed="1" failed="0" skipped="0">
  <reporter-output>
  </reporter-output>
  <suite started-at="2023-07-20T16:36:56 IST" name="Default suite" finished-at="2023-07-20T16:36:56 IST" duration-ms="81">
    <groups>
    </groups>
    <test started-at="2023-07-20T16:36:56 IST" name="Default test" finished-at="2023-07-20T16:36:56 IST" duration-ms="81">
      <class name="MemoryStoreSong">
        <test-method signature="inMemoryStoreSongs()[pri:0, instance:MemoryStoreSong@73e9cf30]" started-at="2023-07-20T16:36:56 IST" name="inMemoryStoreSongs" finished-at="2023-07-20T16:36:56 IST" duration-ms="25" status="PASS">
          <reporter-output>
          </reporter-output>
        </test-method> <!-- inMemoryStoreSongs -->
      </class> <!-- MemoryStoreSong -->
    </test> <!-- Default test -->
  </suite> <!-- Default suite -->
</testng-results>
